[18:21:59] [main/INFO] (Launcher) ModLauncher running: args [--launchTarget, forgeclientdev, --version, 21.1.172, --assetIndex, 1.21.1-17, --assetsDir, /home/patrik/.gradle/caches/fabric-loom/assets, --gameDir, ., --fml.fmlVersion, 4.0.39, --fml.mcVersion, 1.21.1, --fml.neoForgeVersion, 21.1.172, --fml.neoFormVersion, 20240808.144430]
[18:21:59] [main/INFO] (Launcher) JVM identified as Microsoft OpenJDK 64-Bit Server VM 21.0.7+6-LTS
[18:21:59] [main/INFO] (Launcher) ModLauncher 11.0.4+main.d2e20e43 starting: java version 21.0.7 by Microsoft; OS Linux arch amd64 version 6.14.0-23-generic
[18:22:00] [main/INFO] (ImmediateWindowHandler) Loading ImmediateWindowProvider fmlearlywindow
[18:22:00] [main/INFO] (EARLYDISPLAY) Trying GL version 4.6
[18:22:00] [main/INFO] (EARLYDISPLAY) Requested GL version 4.6 got version 4.6
[18:22:01] [main/INFO] (mixin) SpongePowered MIXIN Subsystem Version=0.8.7 Source=union:/home/patrik/.gradle/caches/modules-2/files-2.1/net.fabricmc/sponge-mixin/0.15.2+mixin.0.8.7/2af2f021d8e02a0220dc27a7a72b4666d66d44ca/sponge-mixin-0.15.2+mixin.0.8.7.jar%23109!/ Service=ModLauncher Env=CLIENT
[18:22:01] [pool-5-thread-1/INFO] (EARLYDISPLAY) GL info: AMD Radeon RX 580 Series (radeonsi, polaris10, ACO, DRM 3.61, 6.14.0-23-generic) GL version 4.6 (Core Profile) Mesa 25.0.7-0ubuntu0.25.04.1, AMD
[18:22:01] [main/INFO] (ModDiscoverer) Found mod file "neoforge-21.1.172-minecraft-merged-1.21.1-loom.mappings.1_21_1.layered+hash.40359-v2-neoforge-21.1.172.jar" [locator: neoforge devenv provider ([/home/patrik/.gradle/caches/fabric-loom/minecraftMaven/net/minecraft/neoforge-21.1.172-minecraft-merged/1.21.1-loom.mappings.1_21_1.layered+hash.40359-v2-neoforge-21.1.172/neoforge-21.1.172-minecraft-merged-1.21.1-loom.mappings.1_21_1.layered+hash.40359-v2-neoforge-21.1.172.jar])]
[18:22:01] [main/INFO] (ModDiscoverer) Found mod file "neoforge-21.1.172-minecraft-merged-1.21.1-loom.mappings.1_21_1.layered+hash.40359-v2-neoforge-21.1.172.jar" [locator: neoforge devenv provider ([/home/patrik/.gradle/caches/fabric-loom/minecraftMaven/net/minecraft/neoforge-21.1.172-minecraft-merged/1.21.1-loom.mappings.1_21_1.layered+hash.40359-v2-neoforge-21.1.172/neoforge-21.1.172-minecraft-merged-1.21.1-loom.mappings.1_21_1.layered+hash.40359-v2-neoforge-21.1.172.jar])]
[18:22:01] [main/INFO] (ModDiscoverer) Found mod file "main" [locator: userdev mods and services, reader: mod manifest]
[18:22:01] [main/INFO] (ModDiscoverer) Found mod file "neoforge-21.1.172-minecraft-merged-1.21.1-loom.mappings.1_21_1.layered+hash.40359-v2-neoforge-21.1.172.jar" [locator: userdev mods and services, reader: mod manifest]
[18:22:01] [main/INFO] (ModDiscoverer) Found mod file "architectury-neoforge-13.0.8.jar" [locator: userdev mods and services, reader: mod manifest]
[18:22:01] [main/INFO] (ModDiscoverer) Found mod file "10464864471694889356.jar" [locator: userdev mods and services, reader: mod manifest]
[18:22:01] [main/INFO] (ModDiscoverer) Found gamelibrary file "mixinextras-neoforge-0.4.1.jar" [locator: userdev mods and services, reader: mod manifest]
[18:22:02] [main/WARN] (JarSelector) Attempted to select a dependency jar for JarJar which was passed in as source: library:mixinextras.neoforge. Using Mod File: /home/patrik/.gradle/caches/modules-2/files-2.1/io.github.llamalad7/mixinextras-neoforge/0.4.1/eff97772ecd0dcf8e52cdbafd3b3ccec425f8314/mixinextras-neoforge-0.4.1.jar
[18:22:02] [main/INFO] (JarInJarDependencyLocator) Found 1 dependencies adding them to mods collection
[18:22:02] [main/INFO] (ModDiscoverer) Found library file "net.neoforged.neoforge-coremods-21.1.172.jar" [parent: neoforge-21.1.172-minecraft-merged-1.21.1-loom.mappings.1_21_1.layered+hash.40359-v2-neoforge-21.1.172.jar, locator: jarinjar, reader: mod manifest]
[18:22:02] [main/INFO] (ModDiscoverer) 
     Mod List:
		Name Version (Mod Id)

		Architectury 13.0.8 (architectury)
		generated_4b91eea 1 (generated_4b91eea)
		Island World 1.0.0 (island_world)
		Minecraft 1.21.1 (minecraft)
		NeoForge 21.1.172 (neoforge)
[18:22:02] [main/INFO] (mixin) Compatibility level set to JAVA_21
[18:22:02] [main/INFO] (LaunchServiceHandler) Launching target 'forgeclientdev' with arguments [--version, 21.1.172, --gameDir, ., --assetsDir, /home/patrik/.gradle/caches/fabric-loom/assets, --assetIndex, 1.21.1-17]
[18:22:03] [main/INFO] (unprotect) Found 8254 Minecraft classes
[18:22:03] [main/INFO] (MixinExtras|Service) Initializing MixinExtras via com.llamalad7.mixinextras.service.MixinExtrasServiceImpl(version=0.4.1).
[06Jul2025 18:22:05.836] [Datafixer Bootstrap/INFO] [com.mojang.datafixers.DataFixerBuilder/]: 229 Datafixer optimizations took 323 milliseconds
[06Jul2025 18:22:13.371] [main/WARN] [net.minecraft.commands.Commands/]: Ambiguity between arguments [teleport, location] and [teleport, destination] with inputs: [0.1 -0.5 .9, 0 0 0]
[06Jul2025 18:22:13.372] [main/WARN] [net.minecraft.commands.Commands/]: Ambiguity between arguments [teleport, location] and [teleport, targets] with inputs: [0.1 -0.5 .9, 0 0 0]
[06Jul2025 18:22:13.376] [main/WARN] [net.minecraft.commands.Commands/]: Ambiguity between arguments [teleport, destination] and [teleport, targets] with inputs: [Player, 0123, @e, dd12be42-52a9-4a91-a8a1-11c01849e498]
[06Jul2025 18:22:13.377] [main/WARN] [net.minecraft.commands.Commands/]: Ambiguity between arguments [teleport, targets] and [teleport, destination] with inputs: [Player, 0123, dd12be42-52a9-4a91-a8a1-11c01849e498]
[06Jul2025 18:22:13.379] [main/WARN] [net.minecraft.commands.Commands/]: Ambiguity between arguments [teleport, targets, location] and [teleport, targets, destination] with inputs: [0.1 -0.5 .9, 0 0 0]
[06Jul2025 18:22:13.508] [Render thread/WARN] [net.minecraft.server.packs.VanillaPackResourcesBuilder/]: Assets URL 'union:/home/patrik/.gradle/caches/fabric-loom/minecraftMaven/net/minecraft/neoforge-21.1.172-minecraft-merged/1.21.1-loom.mappings.1_21_1.layered+hash.40359-v2-neoforge-21.1.172/neoforge-21.1.172-minecraft-merged-1.21.1-loom.mappings.1_21_1.layered+hash.40359-v2-neoforge-21.1.172.jar%23182!/assets/.mcassetsroot' uses unexpected schema
[06Jul2025 18:22:13.508] [Render thread/WARN] [net.minecraft.server.packs.VanillaPackResourcesBuilder/]: Assets URL 'union:/home/patrik/.gradle/caches/fabric-loom/minecraftMaven/net/minecraft/neoforge-21.1.172-minecraft-merged/1.21.1-loom.mappings.1_21_1.layered+hash.40359-v2-neoforge-21.1.172/neoforge-21.1.172-minecraft-merged-1.21.1-loom.mappings.1_21_1.layered+hash.40359-v2-neoforge-21.1.172.jar%23182!/data/.mcassetsroot' uses unexpected schema
[06Jul2025 18:22:13.530] [Render thread/INFO] [com.mojang.authlib.yggdrasil.YggdrasilAuthenticationService/]: Environment: Environment[sessionHost=https://sessionserver.mojang.com, servicesHost=https://api.minecraftservices.com, name=PROD]
[06Jul2025 18:22:13.539] [Render thread/INFO] [net.minecraft.client.Minecraft/]: Setting user: Dev
[06Jul2025 18:22:13.619] [Render thread/INFO] [net.minecraft.client.Minecraft/]: Backend library: LWJGL version 3.3.3+5
[06Jul2025 18:22:13.809] [modloading-worker-0/INFO] [net.neoforged.neoforge.common.NeoForgeMod/NEOFORGE-MOD]: NeoForge mod loading, version 21.1.172, for MC 1.21.1
[06Jul2025 18:22:14.769] [Render thread/INFO] [net.neoforged.neoforge.gametest.GameTestHooks/]: Enabled Gametest Namespaces: []
[06Jul2025 18:22:14.924] [Render thread/INFO] [net.minecraft.server.packs.resources.ReloadableResourceManager/]: Reloading ResourceManager: vanilla, mod_resources, mod/architectury, mod/island_world, mod/neoforge, mod/generated_4b91eea
[06Jul2025 18:22:15.092] [Worker-Main-1/INFO] [net.minecraft.client.gui.font.providers.UnihexProvider/]: Found unifont_all_no_pua-15.1.05.hex, loading
[06Jul2025 18:22:15.576] [Worker-Main-1/INFO] [net.minecraft.client.gui.font.providers.UnihexProvider/]: Found unifont_jp_patch-15.1.05.hex, loading
[06Jul2025 18:22:16.762] [Render thread/WARN] [net.minecraft.client.sounds.SoundEngine/]: Missing sound for event: minecraft:item.goat_horn.play
[06Jul2025 18:22:16.762] [Render thread/WARN] [net.minecraft.client.sounds.SoundEngine/]: Missing sound for event: minecraft:entity.goat.screaming.horn_break
[06Jul2025 18:22:16.841] [Render thread/INFO] [com.mojang.blaze3d.audio.Library/]: OpenAL initialized on device Built-in Audio Analogue Stereo
[06Jul2025 18:22:16.841] [Render thread/INFO] [net.minecraft.client.sounds.SoundEngine/SOUNDS]: Sound engine started
[06Jul2025 18:22:17.067] [Render thread/INFO] [net.minecraft.client.renderer.texture.TextureAtlas/]: Created: 1024x512x4 minecraft:textures/atlas/blocks.png-atlas
[06Jul2025 18:22:17.120] [Render thread/INFO] [net.minecraft.client.renderer.texture.TextureAtlas/]: Created: 256x256x4 minecraft:textures/atlas/signs.png-atlas
[06Jul2025 18:22:17.123] [Render thread/INFO] [net.minecraft.client.renderer.texture.TextureAtlas/]: Created: 512x512x4 minecraft:textures/atlas/shield_patterns.png-atlas
[06Jul2025 18:22:17.126] [Render thread/INFO] [net.minecraft.client.renderer.texture.TextureAtlas/]: Created: 512x512x4 minecraft:textures/atlas/banner_patterns.png-atlas
[06Jul2025 18:22:17.129] [Render thread/INFO] [net.minecraft.client.renderer.texture.TextureAtlas/]: Created: 1024x1024x4 minecraft:textures/atlas/armor_trims.png-atlas
[06Jul2025 18:22:17.145] [Render thread/INFO] [net.minecraft.client.renderer.texture.TextureAtlas/]: Created: 256x256x4 minecraft:textures/atlas/chest.png-atlas
[06Jul2025 18:22:17.146] [Render thread/INFO] [net.minecraft.client.renderer.texture.TextureAtlas/]: Created: 128x64x4 minecraft:textures/atlas/decorated_pot.png-atlas
[06Jul2025 18:22:17.147] [Render thread/INFO] [net.minecraft.client.renderer.texture.TextureAtlas/]: Created: 512x256x4 minecraft:textures/atlas/beds.png-atlas
[06Jul2025 18:22:17.148] [Render thread/INFO] [net.minecraft.client.renderer.texture.TextureAtlas/]: Created: 512x256x4 minecraft:textures/atlas/shulker_boxes.png-atlas
[06Jul2025 18:22:17.366] [Render thread/INFO] [net.minecraft.client.renderer.texture.TextureAtlas/]: Created: 512x256x0 minecraft:textures/atlas/particles.png-atlas
[06Jul2025 18:22:17.369] [Render thread/INFO] [net.minecraft.client.renderer.texture.TextureAtlas/]: Created: 512x256x0 minecraft:textures/atlas/paintings.png-atlas
[06Jul2025 18:22:17.371] [Render thread/INFO] [net.minecraft.client.renderer.texture.TextureAtlas/]: Created: 256x128x0 minecraft:textures/atlas/mob_effects.png-atlas
[06Jul2025 18:22:17.373] [Render thread/INFO] [net.minecraft.client.renderer.texture.TextureAtlas/]: Created: 64x64x0 minecraft:textures/atlas/map_decorations.png-atlas
[06Jul2025 18:22:17.373] [Render thread/INFO] [net.minecraft.client.renderer.texture.TextureAtlas/]: Created: 1024x512x0 minecraft:textures/atlas/gui.png-atlas
[06Jul2025 18:22:17.426] [Render thread/WARN] [net.minecraft.client.renderer.ShaderInstance/]: Shader rendertype_entity_translucent_emissive could not find sampler named Sampler2 in the specified shader program.
[06Jul2025 18:22:17.513] [Render thread/INFO] [net.neoforged.neoforge.client.entity.animation.json.AnimationLoader/]: Loaded 0 entity animations
[06Jul2025 18:22:22.547] [Render thread/INFO] [net.minecraft.world.item.crafting.RecipeManager/]: Loaded 1290 recipes
[06Jul2025 18:22:22.747] [Render thread/INFO] [net.minecraft.advancements.AdvancementTree/]: Loaded 1399 advancements
[06Jul2025 18:22:23.564] [Server thread/INFO] [net.minecraft.client.server.IntegratedServer/]: Starting integrated minecraft server version 1.21.1
[06Jul2025 18:22:23.566] [Server thread/INFO] [net.minecraft.server.MinecraftServer/]: Generating keypair
[06Jul2025 18:22:26.450] [Server thread/INFO] [net.minecraft.server.MinecraftServer/]: Preparing start region for dimension minecraft:overworld
[06Jul2025 18:22:26.693] [progressListener/INFO] [net.minecraft.server.level.progress.LoggerChunkProgressListener/]: Preparing spawn area: 0%
[06Jul2025 18:22:26.800] [Server thread/INFO] [net.neoforged.neoforge.server.permission.PermissionAPI/]: Successfully initialized permission handler neoforge:default_handler
[06Jul2025 18:22:26.803] [progressListener/INFO] [net.minecraft.server.level.progress.LoggerChunkProgressListener/]: Time elapsed: 340 ms
[06Jul2025 18:22:26.861] [Server thread/INFO] [net.minecraft.client.server.IntegratedServer/]: Changing view distance to 12, from 10
[06Jul2025 18:22:26.861] [Server thread/INFO] [net.minecraft.client.server.IntegratedServer/]: Changing simulation distance to 12, from 0
[06Jul2025 18:22:27.628] [Server thread/INFO] [net.minecraft.server.players.PlayerList/]: Dev[local:E:bd3338b9] logged in with entity id 69 at (-0.7545754989265309, 64.02442408821369, -7.596091210814435)
[06Jul2025 18:22:27.700] [Server thread/INFO] [net.minecraft.server.MinecraftServer/]: Dev joined the game
[06Jul2025 18:22:28.171] [Render thread/INFO] [net.minecraft.advancements.AdvancementTree/]: Loaded 11 advancements
[06Jul2025 18:22:28.189] [Render thread/WARN] [net.minecraft.client.sounds.SoundEngine/SOUNDS]: Unable to play empty soundEvent: minecraft:entity.cod.ambient
[06Jul2025 18:22:43.901] [Server thread/INFO] [net.minecraft.client.server.IntegratedServer/]: Saving and pausing game...
[06Jul2025 18:22:43.919] [Server thread/INFO] [net.minecraft.server.MinecraftServer/]: Saving chunks for level 'ServerLevel[New World]'/minecraft:overworld
[06Jul2025 18:22:43.943] [Server thread/INFO] [net.minecraft.server.MinecraftServer/]: Saving chunks for level 'ServerLevel[New World]'/minecraft:the_nether
[06Jul2025 18:22:43.943] [Server thread/INFO] [net.minecraft.server.MinecraftServer/]: Saving chunks for level 'ServerLevel[New World]'/minecraft:the_end
[06Jul2025 18:22:56.712] [Render thread/INFO] [net.minecraft.client.Minecraft/]: Stopping!
[06Jul2025 18:22:56.770] [Server thread/INFO] [net.minecraft.server.network.ServerGamePacketListenerImpl/]: Dev lost connection: Disconnected
[06Jul2025 18:22:56.770] [Server thread/INFO] [net.minecraft.server.MinecraftServer/]: Dev left the game
[06Jul2025 18:22:56.794] [Server thread/INFO] [net.minecraft.server.network.ServerCommonPacketListenerImpl/]: Stopping singleplayer server as player logged out
[06Jul2025 18:22:56.812] [Server thread/INFO] [net.minecraft.server.MinecraftServer/]: Stopping server
[06Jul2025 18:22:56.813] [Server thread/INFO] [net.minecraft.server.MinecraftServer/]: Saving players
[06Jul2025 18:22:56.814] [Server thread/INFO] [net.minecraft.server.MinecraftServer/]: Saving worlds
[06Jul2025 18:22:57.216] [Server thread/INFO] [net.minecraft.server.MinecraftServer/]: Saving chunks for level 'ServerLevel[New World]'/minecraft:overworld
[06Jul2025 18:22:57.289] [Server thread/INFO] [net.minecraft.server.MinecraftServer/]: Saving chunks for level 'ServerLevel[New World]'/minecraft:the_nether
[06Jul2025 18:22:57.293] [Server thread/INFO] [net.minecraft.server.MinecraftServer/]: Saving chunks for level 'ServerLevel[New World]'/minecraft:the_end
[06Jul2025 18:22:57.307] [Server thread/INFO] [net.minecraft.server.MinecraftServer/]: ThreadedAnvilChunkStorage (New World): All chunks are saved
[06Jul2025 18:22:57.307] [Server thread/INFO] [net.minecraft.server.MinecraftServer/]: ThreadedAnvilChunkStorage (DIM-1): All chunks are saved
[06Jul2025 18:22:57.307] [Server thread/INFO] [net.minecraft.server.MinecraftServer/]: ThreadedAnvilChunkStorage (DIM1): All chunks are saved
[06Jul2025 18:22:57.307] [Server thread/INFO] [net.minecraft.server.MinecraftServer/]: ThreadedAnvilChunkStorage: All dimensions are saved
